<?xml version="1.0" encoding="UTF-8"?>
<!-- Generated by org.testng.reporters.JUnitReportReporter -->
<testsuite hostname="zengnannan" name="com.symbio.test.Selenium.Case1" tests="1" failures="0" timestamp="23 Nov 2015 07:11:49 GMT" time="21.201" errors="0">
  <testcase name="test1" time="21.201" classname="com.symbio.test.Selenium.Case1"/>
</testsuite> <!-- com.symbio.test.Selenium.Case1 -->
