<?xml version="1.0" encoding="UTF-8"?>
<!-- Generated by org.testng.reporters.JUnitReportReporter -->
<testsuite hostname="zengnannan" name="com.symbio.test.Selenium.Case2" tests="1" failures="0" timestamp="23 Nov 2015 08:03:35 GMT" time="19.391" errors="0">
  <testcase name="test2" time="19.391" classname="com.symbio.test.Selenium.Case2"/>
</testsuite> <!-- com.symbio.test.Selenium.Case2 -->
